Running on host compute077.bc4.acrc.priv
Time is Thu Aug 19 08:48:49 BST 2021
Directory is /mnt/storage/home/jm17923/fellowship/TephraProb
Slurm job IS is 4665749
This job runs on the following machines:
compute077
MATLAB is selecting SOFTWARE OPENGL rendering.

                            < M A T L A B (R) >
                  Copyright 1984-2018 The MathWorks, Inc.
                   R2018a (9.4.0.813654) 64-bit (glnxa64)
                             February 23, 2018

 
To get started, type one of these: helpwin, helpdesk, or demo.
For product information, visit www.mathworks.com.
 
{Error: File: /mnt/storage/home/jm17923/fellowship/TephraProb/CODE/runT2_JC.m
Line: 65 Column: 30
Invalid expression. When calling a function or indexing a variable, use
parentheses. Otherwise, check for mismatched delimiters.

Error in TephraProb_wrapper_JC (line 18)
runT2_JC
} 
Finish time is Thu Aug 19 08:48:58 BST 2021
