<?xml version="1.0" encoding="utf-8" ?>
<!-- DO NOT EDIT THIS FILE -->

<log version='2.0' source='trc'>
	<msg id='1' display='false' source='trc'>
		<type>PROCESS_START</type>
		<severity>INFO</severity>
		<timestamp>Tue Aug 31 17:35:32 2021</timestamp>
		<arg name='process'>/mnt/storage/home/jm17923/fellowship/tephra2/tephra2_2020</arg>
		<arg name='pid'>7407</arg>
	</msg>
	<!-- Instrumentation filter's state:
    Patterns applicability:
        Generic loop pattern.....................: disabled
        Generic loop pattern (with dynamic jumps): disabled
        Known trip value loop pattern............: disabled
        Runtime final value loop pattern.........: disabled
        No initial IV loop pattern...............: disabled
        IV step only loop pattern................: disabled
        No entry loop pattern....................: disabled
    Clustered memory model (CMM) applicability:
        Generic loop pattern.....................: enabled
        Generic loop pattern (with dynamic jumps): enabled
        Known trip value loop pattern............: enabled
        Runtime final value loop pattern.........: enabled
        No initial IV loop pattern...............: enabled
        IV step only loop pattern................: enabled
        No entry loop pattern....................: disabled
 -->
	<!-- Callstack mode:
    filter modules.: true
    filter loops...: false
    filter routines: true
    count loops....: false
    count flops....: false
    trace..........: false
    extended trace.: false
    dump raw.......: false
    dump final.....: false
    dump all.......: false
    stack stitching: true
    stl profiling..: false
 -->
	<msg id='2' display='false' source='trc'>
		<type>PROCESS_ANALYSIS_MODE</type>
		<severity>INFO</severity>
		<timestamp>Tue Aug 31 17:35:32 2021</timestamp>
		<arg name='mode'>full</arg>
	</msg>
	<msg id='3' display='false' source='trc'>
		<type>LOAD_MODULE</type>
		<severity>INFO</severity>
		<timestamp>Tue Aug 31 17:35:32 2021</timestamp>
		<arg name='module'>/mnt/storage/home/jm17923/fellowship/tephra2/tephra2_2020</arg>
		<arg name='basement'>0x400000</arg>
		<arg name='ceiling'>0x6260b7</arg>
	</msg>
	<!-- Instrumenting image: id = 1, name = /mnt/storage/home/jm17923/fellowship/tephra2/tephra2_2020 -->
	<!-- skipping routine "GC_mark_some", reason cannot build control-flow graph (HasDynamicJumps) -->
	<msg id='4' display='false' source='trc'>
		<type>LOAD_MODULE</type>
		<severity>INFO</severity>
		<timestamp>Tue Aug 31 17:35:33 2021</timestamp>
		<arg name='module'>/lib64/ld-linux-x86-64.so.2</arg>
		<arg name='basement'>0x2b702a10b000</arg>
		<arg name='ceiling'>0x2b702a32c147</arg>
	</msg>
	<!-- Instrumentation of /lib64/ld-linux-x86-64.so.2 image skipped because of filter conditions [cs-mode]. -->
	<msg id='5' display='false' source='trc'>
		<type>LOAD_MODULE</type>
		<severity>INFO</severity>
		<timestamp>Tue Aug 31 17:35:33 2021</timestamp>
		<arg name='module'>[vdso]</arg>
		<arg name='basement'>0x7ffd28be4000</arg>
		<arg name='ceiling'>0x7ffd28be4fdc</arg>
	</msg>
	<!-- Instrumentation of [vdso] image skipped because of filter conditions [cs-mode]. -->
	<msg id='6' display='false' source='trc'>
		<type>LOAD_MODULE</type>
		<severity>INFO</severity>
		<timestamp>Tue Aug 31 17:35:33 2021</timestamp>
		<arg name='module'>/usr/lib64/libm.so.6</arg>
		<arg name='basement'>0x2b703ec24000</arg>
		<arg name='ceiling'>0x2b703ef25147</arg>
	</msg>
	<!-- Instrumenting image: id = 4, name = /usr/lib64/libm.so.6 -->
	<!-- skipping routine "@plt", reason cannot build control-flow graph (HasDynamicJumps) -->
	<!-- skipping routine "__kernel_standard", reason cannot build control-flow graph (HasDynamicJumps) -->
	<msg id='7' display='false' source='trc'>
		<type>LOAD_MODULE</type>
		<severity>INFO</severity>
		<timestamp>Tue Aug 31 17:35:33 2021</timestamp>
		<arg name='module'>/usr/lib64/libdl.so.2</arg>
		<arg name='basement'>0x2b703ef57000</arg>
		<arg name='ceiling'>0x2b703f15a12f</arg>
	</msg>
	<!-- Instrumentation of /usr/lib64/libdl.so.2 image skipped because of filter conditions [cs-mode]. -->
	<msg id='8' display='false' source='trc'>
		<type>LOAD_MODULE</type>
		<severity>INFO</severity>
		<timestamp>Tue Aug 31 17:35:33 2021</timestamp>
		<arg name='module'>/usr/lib64/libc.so.6</arg>
		<arg name='basement'>0x2b703f15b000</arg>
		<arg name='ceiling'>0x2b703f51b1ff</arg>
	</msg>
	<!-- Instrumentation of /usr/lib64/libc.so.6 image skipped because of filter conditions. -->
	<msg id='9' display='false' source='trc'>
		<type>UNLOAD_MODULE</type>
		<severity>INFO</severity>
		<timestamp>Tue Aug 31 17:40:24 2021</timestamp>
		<arg name='module'>/mnt/storage/home/jm17923/fellowship/tephra2/tephra2_2020</arg>
	</msg>
	<msg id='10' display='false' source='trc'>
		<type>UNLOAD_MODULE</type>
		<severity>INFO</severity>
		<timestamp>Tue Aug 31 17:40:24 2021</timestamp>
		<arg name='module'>/lib64/ld-linux-x86-64.so.2</arg>
	</msg>
	<msg id='11' display='false' source='trc'>
		<type>UNLOAD_MODULE</type>
		<severity>INFO</severity>
		<timestamp>Tue Aug 31 17:40:24 2021</timestamp>
		<arg name='module'>[vdso]</arg>
	</msg>
	<msg id='12' display='false' source='trc'>
		<type>UNLOAD_MODULE</type>
		<severity>INFO</severity>
		<timestamp>Tue Aug 31 17:40:24 2021</timestamp>
		<arg name='module'>/usr/lib64/libm.so.6</arg>
	</msg>
	<msg id='13' display='false' source='trc'>
		<type>UNLOAD_MODULE</type>
		<severity>INFO</severity>
		<timestamp>Tue Aug 31 17:40:24 2021</timestamp>
		<arg name='module'>/usr/lib64/libdl.so.2</arg>
	</msg>
	<msg id='14' display='false' source='trc'>
		<type>UNLOAD_MODULE</type>
		<severity>INFO</severity>
		<timestamp>Tue Aug 31 17:40:24 2021</timestamp>
		<arg name='module'>/usr/lib64/libc.so.6</arg>
	</msg>
	<msg id='15' display='false' source='trc'>
		<type>PROCESS_FINISH</type>
		<severity>INFO</severity>
		<timestamp>Tue Aug 31 17:40:24 2021</timestamp>
		<arg name='process'>/mnt/storage/home/jm17923/fellowship/tephra2/tephra2_2020</arg>
		<arg name='pid'>7407</arg>
		<arg name='exitcode'>0x0</arg>
	</msg>
	<!-- Application exited with code 0 -->
</log>